2012-03-20 14:25:16,552 - ResourceManager : found sql/base/postgresql/primarykey.vm with loader org.apache.velocity.runtime.resource.ResourceCacheImpl
2012-03-20 14:25:16,554 - ResourceManager : found sql/base/postgresql/unique.vm with loader org.apache.velocity.runtime.resource.ResourceCacheImpl
2012-03-20 14:25:16,556 - ResourceManager : found sql/base/postgresql/index.vm with loader org.apache.velocity.runtime.resource.ResourceCacheImpl
2012-03-20 14:25:16,559 - ResourceManager : found sql/base/postgresql/comment.vm with loader org.apache.velocity.runtime.resource.ResourceCacheImpl
2012-03-20 14:25:16,566 - ResourceManager : found sql/base/postgresql/table.vm with loader org.apache.velocity.runtime.resource.ResourceCacheImpl
2012-03-20 14:25:16,567 - ResourceManager : found sql/base/postgresql/drop.vm with loader org.apache.velocity.runtime.resource.ResourceCacheImpl
2012-03-20 14:25:16,569 - ResourceManager : found sql/base/postgresql/sequence.vm with loader org.apache.velocity.runtime.resource.ResourceCacheImpl
2012-03-20 14:25:16,570 - ResourceManager : found sql/base/postgresql/columns.vm with loader org.apache.velocity.runtime.resource.ResourceCacheImpl
2012-03-20 14:25:16,573 - ResourceManager : found sql/base/postgresql/primarykey.vm with loader org.apache.velocity.runtime.resource.ResourceCacheImpl
2012-03-20 14:25:16,574 - ResourceManager : found sql/base/postgresql/unique.vm with loader org.apache.velocity.runtime.resource.ResourceCacheImpl
2012-03-20 14:25:16,575 - ResourceManager : found sql/base/postgresql/index.vm with loader org.apache.velocity.runtime.resource.ResourceCacheImpl
2012-03-20 14:25:16,577 - ResourceManager : found sql/base/postgresql/comment.vm with loader org.apache.velocity.runtime.resource.ResourceCacheImpl
2012-03-20 14:25:16,583 - ResourceManager : found sql/base/postgresql/table.vm with loader org.apache.velocity.runtime.resource.ResourceCacheImpl
2012-03-20 14:25:16,584 - ResourceManager : found sql/base/postgresql/drop.vm with loader org.apache.velocity.runtime.resource.ResourceCacheImpl
2012-03-20 14:25:16,585 - ResourceManager : found sql/base/postgresql/sequence.vm with loader org.apache.velocity.runtime.resource.ResourceCacheImpl
2012-03-20 14:25:16,587 - ResourceManager : found sql/base/postgresql/columns.vm with loader org.apache.velocity.runtime.resource.ResourceCacheImpl
2012-03-20 14:25:16,588 - ResourceManager : found sql/base/postgresql/primarykey.vm with loader org.apache.velocity.runtime.resource.ResourceCacheImpl
2012-03-20 14:25:16,590 - ResourceManager : found sql/base/postgresql/unique.vm with loader org.apache.velocity.runtime.resource.ResourceCacheImpl
2012-03-20 14:25:16,591 - ResourceManager : found sql/base/postgresql/index.vm with loader org.apache.velocity.runtime.resource.ResourceCacheImpl
2012-03-20 14:25:16,593 - ResourceManager : found sql/base/postgresql/comment.vm with loader org.apache.velocity.runtime.resource.ResourceCacheImpl
2012-03-20 14:25:16,598 - ResourceManager : found sql/base/postgresql/table.vm with loader org.apache.velocity.runtime.resource.ResourceCacheImpl
2012-03-20 14:25:16,599 - ResourceManager : found sql/base/postgresql/drop.vm with loader org.apache.velocity.runtime.resource.ResourceCacheImpl
2012-03-20 14:25:16,601 - ResourceManager : found sql/base/postgresql/sequence.vm with loader org.apache.velocity.runtime.resource.ResourceCacheImpl
2012-03-20 14:25:16,603 - ResourceManager : found sql/base/postgresql/columns.vm with loader org.apache.velocity.runtime.resource.ResourceCacheImpl
2012-03-20 14:25:16,604 - ResourceManager : found sql/base/postgresql/primarykey.vm with loader org.apache.velocity.runtime.resource.ResourceCacheImpl
2012-03-20 14:25:16,606 - ResourceManager : found sql/base/postgresql/unique.vm with loader org.apache.velocity.runtime.resource.ResourceCacheImpl
2012-03-20 14:25:16,607 - ResourceManager : found sql/base/postgresql/index.vm with loader org.apache.velocity.runtime.resource.ResourceCacheImpl
2012-03-20 14:25:16,609 - ResourceManager : found sql/base/postgresql/comment.vm with loader org.apache.velocity.runtime.resource.ResourceCacheImpl
2012-03-20 14:25:16,612 - ResourceManager : found sql/base/postgresql/tablefk.vm with loader org.apache.velocity.runtime.resource.ResourceCacheImpl
2012-03-20 14:25:16,614 - ResourceManager : found sql/base/postgresql/foreignkey.vm with loader org.apache.velocity.runtime.resource.ResourceCacheImpl
2012-03-20 14:25:16,615 - ResourceManager : found sql/base/postgresql/tablefk.vm with loader org.apache.velocity.runtime.resource.ResourceCacheImpl
2012-03-20 14:25:16,618 - ResourceManager : found sql/base/postgresql/foreignkey.vm with loader org.apache.velocity.runtime.resource.ResourceCacheImpl
2012-03-20 14:25:16,619 - ResourceManager : found sql/base/postgresql/tablefk.vm with loader org.apache.velocity.runtime.resource.ResourceCacheImpl
2012-03-20 14:25:16,621 - ResourceManager : found sql/base/postgresql/foreignkey.vm with loader org.apache.velocity.runtime.resource.ResourceCacheImpl
2012-03-20 14:25:16,623 - ResourceManager : found sql/base/postgresql/tablefk.vm with loader org.apache.velocity.runtime.resource.ResourceCacheImpl
2012-03-20 14:25:16,625 - ResourceManager : found sql/base/postgresql/foreignkey.vm with loader org.apache.velocity.runtime.resource.ResourceCacheImpl
2012-03-20 14:25:16,627 - ResourceManager : found sql/base/postgresql/tablefk.vm with loader org.apache.velocity.runtime.resource.ResourceCacheImpl
2012-03-20 14:25:16,630 - ResourceManager : found sql/base/postgresql/foreignkey.vm with loader org.apache.velocity.runtime.resource.ResourceCacheImpl
2012-03-20 14:25:16,631 - ResourceManager : found sql/base/postgresql/tablefk.vm with loader org.apache.velocity.runtime.resource.ResourceCacheImpl
2012-03-20 14:25:16,633 - ResourceManager : found sql/base/postgresql/foreignkey.vm with loader org.apache.velocity.runtime.resource.ResourceCacheImpl
2012-03-20 14:25:16,635 - ResourceManager : found sql/base/postgresql/tablefk.vm with loader org.apache.velocity.runtime.resource.ResourceCacheImpl
2012-03-20 14:25:16,637 - ResourceManager : found sql/base/postgresql/foreignkey.vm with loader org.apache.velocity.runtime.resource.ResourceCacheImpl
2012-03-20 14:25:16,639 - ResourceManager : found sql/base/postgresql/tablefk.vm with loader org.apache.velocity.runtime.resource.ResourceCacheImpl
2012-03-20 14:25:16,641 - ResourceManager : found sql/base/postgresql/foreignkey.vm with loader org.apache.velocity.runtime.resource.ResourceCacheImpl
2012-03-20 14:25:16,645 - ResourceManager : found sql/base/postgresql/table.vm with loader org.apache.velocity.runtime.resource.ResourceCacheImpl
2012-03-20 14:25:16,649 - ResourceManager : found sql/base/postgresql/drop.vm with loader org.apache.velocity.runtime.resource.ResourceCacheImpl
2012-03-20 14:25:16,651 - ResourceManager : found sql/base/postgresql/sequence.vm with loader org.apache.velocity.runtime.resource.ResourceCacheImpl
2012-03-20 14:25:16,652 - ResourceManager : found sql/base/postgresql/columns.vm with loader org.apache.velocity.runtime.resource.ResourceCacheImpl
2012-03-20 14:25:16,653 - ResourceManager : found sql/base/postgresql/primarykey.vm with loader org.apache.velocity.runtime.resource.ResourceCacheImpl
2012-03-20 14:25:16,654 - ResourceManager : found sql/base/postgresql/unique.vm with loader org.apache.velocity.runtime.resource.ResourceCacheImpl
2012-03-20 14:25:16,656 - ResourceManager : found sql/base/postgresql/index.vm with loader org.apache.velocity.runtime.resource.ResourceCacheImpl
2012-03-20 14:25:16,658 - ResourceManager : found sql/base/postgresql/comment.vm with loader org.apache.velocity.runtime.resource.ResourceCacheImpl
2012-03-20 14:25:16,658 - Left side ($table.description.length()) of '>' operation has null value. Operation not possible. sql/base/postgresql/comment.vm [line 17, column 35]
2012-03-20 14:25:16,658 - Left side ($col.description.length()) of '>' operation has null value. Operation not possible. sql/base/postgresql/comment.vm [line 22, column 33]
2012-03-20 14:25:16,658 - Left side ($col.description.length()) of '>' operation has null value. Operation not possible. sql/base/postgresql/comment.vm [line 22, column 33]
2012-03-20 14:25:16,658 - Left side ($col.description.length()) of '>' operation has null value. Operation not possible. sql/base/postgresql/comment.vm [line 22, column 33]
2012-03-20 14:25:16,658 - Left side ($col.description.length()) of '>' operation has null value. Operation not possible. sql/base/postgresql/comment.vm [line 22, column 33]
2012-03-20 14:25:16,660 - ResourceManager : found sql/base/postgresql/tablefk.vm with loader org.apache.velocity.runtime.resource.ResourceCacheImpl
2012-03-20 14:25:16,661 - ResourceManager : found sql/base/postgresql/foreignkey.vm with loader org.apache.velocity.runtime.resource.ResourceCacheImpl
2012-03-20 14:25:17,371 - Log4JLogChute initialized using file 'velocity.log'
2012-03-20 14:25:17,372 - Starting Apache Velocity v1.5 (compiled: 2007-02-22 08:52:29)
2012-03-20 14:25:17,372 - Default Properties File: org/apache/velocity/runtime/defaults/velocity.properties
2012-03-20 14:25:17,372 - Trying to use logger class org.apache.velocity.runtime.log.AvalonLogChute
2012-03-20 14:25:17,373 - Couldn't find class org.apache.velocity.runtime.log.AvalonLogChute or necessary supporting classes in classpath.
java.lang.NoClassDefFoundError: org/apache/log/format/Formatter
	at java.lang.Class.forName0(Native Method)
	at java.lang.Class.forName(Class.java:169)
	at org.apache.velocity.util.ClassUtils.getClass(ClassUtils.java:76)
	at org.apache.velocity.util.ClassUtils.getNewInstance(ClassUtils.java:95)
	at org.apache.velocity.runtime.log.LogManager.createLogChute(LogManager.java:147)
	at org.apache.velocity.runtime.log.LogManager.updateLog(LogManager.java:208)
	at org.apache.velocity.runtime.RuntimeInstance.initializeLog(RuntimeInstance.java:728)
	at org.apache.velocity.runtime.RuntimeInstance.init(RuntimeInstance.java:240)
	at org.apache.velocity.app.VelocityEngine.init(VelocityEngine.java:116)
	at org.apache.torque.task.TorqueDataModelTask.execute(TorqueDataModelTask.java:475)
	at org.apache.tools.ant.UnknownElement.execute(UnknownElement.java:291)
	at sun.reflect.GeneratedMethodAccessor4.invoke(Unknown Source)
	at sun.reflect.DelegatingMethodAccessorImpl.invoke(DelegatingMethodAccessorImpl.java:25)
	at java.lang.reflect.Method.invoke(Method.java:597)
	at org.apache.tools.ant.dispatch.DispatchUtils.execute(DispatchUtils.java:106)
	at org.apache.tools.ant.Task.perform(Task.java:348)
	at org.apache.tools.ant.Target.execute(Target.java:390)
	at org.apache.tools.ant.Target.performTasks(Target.java:411)
	at org.apache.tools.ant.Project.executeSortedTargets(Project.java:1399)
	at org.apache.tools.ant.helper.SingleCheckExecutor.executeTargets(SingleCheckExecutor.java:38)
	at org.apache.tools.ant.Project.executeTargets(Project.java:1251)
	at org.apache.tools.ant.taskdefs.Ant.execute(Ant.java:442)
	at org.apache.tools.ant.taskdefs.CallTarget.execute(CallTarget.java:105)
	at org.apache.tools.ant.UnknownElement.execute(UnknownElement.java:291)
	at sun.reflect.GeneratedMethodAccessor4.invoke(Unknown Source)
	at sun.reflect.DelegatingMethodAccessorImpl.invoke(DelegatingMethodAccessorImpl.java:25)
	at java.lang.reflect.Method.invoke(Method.java:597)
	at org.apache.tools.ant.dispatch.DispatchUtils.execute(DispatchUtils.java:106)
	at org.apache.tools.ant.Task.perform(Task.java:348)
	at org.apache.tools.ant.Target.execute(Target.java:390)
	at org.apache.tools.ant.Target.performTasks(Target.java:411)
	at org.apache.tools.ant.Project.executeSortedTargets(Project.java:1399)
	at org.apache.tools.ant.helper.SingleCheckExecutor.executeTargets(SingleCheckExecutor.java:38)
	at org.apache.tools.ant.Project.executeTargets(Project.java:1251)
	at org.apache.tools.ant.taskdefs.Ant.execute(Ant.java:442)
	at org.apache.tools.ant.taskdefs.CallTarget.execute(CallTarget.java:105)
	at org.apache.tools.ant.UnknownElement.execute(UnknownElement.java:291)
	at sun.reflect.GeneratedMethodAccessor4.invoke(Unknown Source)
	at sun.reflect.DelegatingMethodAccessorImpl.invoke(DelegatingMethodAccessorImpl.java:25)
	at java.lang.reflect.Method.invoke(Method.java:597)
	at org.apache.tools.ant.dispatch.DispatchUtils.execute(DispatchUtils.java:106)
	at org.apache.tools.ant.Task.perform(Task.java:348)
	at org.apache.tools.ant.Target.execute(Target.java:390)
	at org.apache.tools.ant.Target.performTasks(Target.java:411)
	at org.apache.tools.ant.Project.executeSortedTargets(Project.java:1399)
	at org.apache.tools.ant.Project.executeTarget(Project.java:1368)
	at org.apache.tools.ant.helper.DefaultExecutor.executeTargets(DefaultExecutor.java:41)
	at org.apache.tools.ant.Project.executeTargets(Project.java:1251)
	at org.apache.tools.ant.Main.runBuild(Main.java:809)
	at org.apache.tools.ant.Main.startAnt(Main.java:217)
	at org.apache.tools.ant.launch.Launcher.run(Launcher.java:280)
	at org.apache.tools.ant.launch.Launcher.main(Launcher.java:109)
Caused by: java.lang.ClassNotFoundException: org.apache.log.format.Formatter
	at org.apache.tools.ant.AntClassLoader.findClassInComponents(AntClassLoader.java:1361)
	at org.apache.tools.ant.AntClassLoader.findClass(AntClassLoader.java:1311)
	at org.apache.tools.ant.AntClassLoader.loadClass(AntClassLoader.java:1064)
	at java.lang.ClassLoader.loadClass(ClassLoader.java:247)
	... 52 more
2012-03-20 14:25:17,374 - Trying to use logger class org.apache.velocity.runtime.log.Log4JLogChute
2012-03-20 14:25:17,374 - Using logger class org.apache.velocity.runtime.log.Log4JLogChute
2012-03-20 14:25:17,375 - Default ResourceManager initializing. (class org.apache.velocity.runtime.resource.ResourceManagerImpl)
2012-03-20 14:25:17,383 - ResourceCache: initialized (class org.apache.velocity.runtime.resource.ResourceCacheImpl)
2012-03-20 14:25:17,384 - Loaded System Directive: org.apache.velocity.runtime.directive.Literal
2012-03-20 14:25:17,385 - Loaded System Directive: org.apache.velocity.runtime.directive.Macro
2012-03-20 14:25:17,386 - Loaded System Directive: org.apache.velocity.runtime.directive.Parse
2012-03-20 14:25:17,387 - Loaded System Directive: org.apache.velocity.runtime.directive.Include
2012-03-20 14:25:17,388 - Loaded System Directive: org.apache.velocity.runtime.directive.Foreach
2012-03-20 14:25:17,412 - Created '20' parsers.
2012-03-20 14:25:17,419 - Velocimacro : "velocimacro.library" is not set.  Trying default library: VM_global_library.vm
2012-03-20 14:25:17,419 - Velocimacro : Default library not found.
2012-03-20 14:25:17,419 - Velocimacro : allowInline = true : VMs can be defined inline in templates
2012-03-20 14:25:17,419 - Velocimacro : allowInlineToOverride = false : VMs defined inline may NOT replace previous VM definitions
2012-03-20 14:25:17,419 - Velocimacro : allowInlineLocal = false : VMs defined inline will be global in scope if allowed.
2012-03-20 14:25:17,419 - Velocimacro : autoload off : VM system will not automatically reload global library macros
2012-03-20 14:25:17,512 - ResourceManager : found om/Control.vm with loader org.apache.velocity.runtime.resource.ResourceCacheImpl
2012-03-20 14:25:17,536 - RHS of #set statement is null. Context will not be modified. om/Control.vm [line 105, column 1]
2012-03-20 14:25:17,537 - RHS of #set statement is null. Context will not be modified. om/Control.vm [line 105, column 1]
2012-03-20 14:25:17,537 - RHS of #set statement is null. Context will not be modified. om/Control.vm [line 105, column 1]
2012-03-20 14:25:17,537 - RHS of #set statement is null. Context will not be modified. om/Control.vm [line 105, column 1]
2012-03-20 14:25:17,537 - RHS of #set statement is null. Context will not be modified. om/Control.vm [line 105, column 1]
2012-03-20 14:25:17,537 - RHS of #set statement is null. Context will not be modified. om/Control.vm [line 105, column 1]
2012-03-20 14:25:17,537 - RHS of #set statement is null. Context will not be modified. om/Control.vm [line 105, column 1]
2012-03-20 14:25:17,537 - RHS of #set statement is null. Context will not be modified. om/Control.vm [line 105, column 1]
2012-03-20 14:25:17,555 - Log4JLogChute initialized using file 'velocity.log'
2012-03-20 14:25:17,555 - Log4JLogChute initialized using file 'velocity.log'
2012-03-20 14:25:17,556 - Starting Apache Velocity v1.5 (compiled: 2007-02-22 08:52:29)
2012-03-20 14:25:17,556 - Starting Apache Velocity v1.5 (compiled: 2007-02-22 08:52:29)
2012-03-20 14:25:17,557 - Default Properties File: org/apache/velocity/runtime/defaults/velocity.properties
2012-03-20 14:25:17,557 - Default Properties File: org/apache/velocity/runtime/defaults/velocity.properties
2012-03-20 14:25:17,558 - Trying to use logger class org.apache.velocity.runtime.log.AvalonLogChute
2012-03-20 14:25:17,558 - Trying to use logger class org.apache.velocity.runtime.log.AvalonLogChute
2012-03-20 14:25:17,560 - Couldn't find class org.apache.velocity.runtime.log.AvalonLogChute or necessary supporting classes in classpath.
java.lang.NoClassDefFoundError: org/apache/log/format/Formatter
	at java.lang.Class.forName0(Native Method)
	at java.lang.Class.forName(Class.java:169)
	at org.apache.velocity.util.ClassUtils.getClass(ClassUtils.java:76)
	at org.apache.velocity.util.ClassUtils.getNewInstance(ClassUtils.java:95)
	at org.apache.velocity.runtime.log.LogManager.createLogChute(LogManager.java:147)
	at org.apache.velocity.runtime.log.LogManager.updateLog(LogManager.java:208)
	at org.apache.velocity.runtime.RuntimeInstance.initializeLog(RuntimeInstance.java:728)
	at org.apache.velocity.runtime.RuntimeInstance.init(RuntimeInstance.java:240)
	at org.apache.velocity.app.VelocityEngine.init(VelocityEngine.java:116)
	at org.apache.torque.task.TorqueDataModelTask.execute(TorqueDataModelTask.java:475)
	at org.apache.tools.ant.UnknownElement.execute(UnknownElement.java:291)
	at sun.reflect.GeneratedMethodAccessor4.invoke(Unknown Source)
	at sun.reflect.DelegatingMethodAccessorImpl.invoke(DelegatingMethodAccessorImpl.java:25)
	at java.lang.reflect.Method.invoke(Method.java:597)
	at org.apache.tools.ant.dispatch.DispatchUtils.execute(DispatchUtils.java:106)
	at org.apache.tools.ant.Task.perform(Task.java:348)
	at org.apache.tools.ant.Target.execute(Target.java:390)
	at org.apache.tools.ant.Target.performTasks(Target.java:411)
	at org.apache.tools.ant.Project.executeSortedTargets(Project.java:1399)
	at org.apache.tools.ant.helper.SingleCheckExecutor.executeTargets(SingleCheckExecutor.java:38)
	at org.apache.tools.ant.Project.executeTargets(Project.java:1251)
	at org.apache.tools.ant.taskdefs.Ant.execute(Ant.java:442)
	at org.apache.tools.ant.taskdefs.CallTarget.execute(CallTarget.java:105)
	at org.apache.tools.ant.UnknownElement.execute(UnknownElement.java:291)
	at sun.reflect.GeneratedMethodAccessor4.invoke(Unknown Source)
	at sun.reflect.DelegatingMethodAccessorImpl.invoke(DelegatingMethodAccessorImpl.java:25)
	at java.lang.reflect.Method.invoke(Method.java:597)
	at org.apache.tools.ant.dispatch.DispatchUtils.execute(DispatchUtils.java:106)
	at org.apache.tools.ant.Task.perform(Task.java:348)
	at org.apache.tools.ant.Target.execute(Target.java:390)
	at org.apache.tools.ant.Target.performTasks(Target.java:411)
	at org.apache.tools.ant.Project.executeSortedTargets(Project.java:1399)
	at org.apache.tools.ant.helper.SingleCheckExecutor.executeTargets(SingleCheckExecutor.java:38)
	at org.apache.tools.ant.Project.executeTargets(Project.java:1251)
	at org.apache.tools.ant.taskdefs.Ant.execute(Ant.java:442)
	at org.apache.tools.ant.taskdefs.CallTarget.execute(CallTarget.java:105)
	at org.apache.tools.ant.UnknownElement.execute(UnknownElement.java:291)
	at sun.reflect.GeneratedMethodAccessor4.invoke(Unknown Source)
	at sun.reflect.DelegatingMethodAccessorImpl.invoke(DelegatingMethodAccessorImpl.java:25)
	at java.lang.reflect.Method.invoke(Method.java:597)
	at org.apache.tools.ant.dispatch.DispatchUtils.execute(DispatchUtils.java:106)
	at org.apache.tools.ant.Task.perform(Task.java:348)
	at org.apache.tools.ant.Target.execute(Target.java:390)
	at org.apache.tools.ant.Target.performTasks(Target.java:411)
	at org.apache.tools.ant.Project.executeSortedTargets(Project.java:1399)
	at org.apache.tools.ant.Project.executeTarget(Project.java:1368)
	at org.apache.tools.ant.helper.DefaultExecutor.executeTargets(DefaultExecutor.java:41)
	at org.apache.tools.ant.Project.executeTargets(Project.java:1251)
	at org.apache.tools.ant.Main.runBuild(Main.java:809)
	at org.apache.tools.ant.Main.startAnt(Main.java:217)
	at org.apache.tools.ant.launch.Launcher.run(Launcher.java:280)
	at org.apache.tools.ant.launch.Launcher.main(Launcher.java:109)
Caused by: java.lang.ClassNotFoundException: org.apache.log.format.Formatter
	at org.apache.tools.ant.AntClassLoader.findClassInComponents(AntClassLoader.java:1361)
	at org.apache.tools.ant.AntClassLoader.findClass(AntClassLoader.java:1311)
	at org.apache.tools.ant.AntClassLoader.loadClass(AntClassLoader.java:1064)
	at java.lang.ClassLoader.loadClass(ClassLoader.java:247)
	... 52 more
2012-03-20 14:25:17,560 - Couldn't find class org.apache.velocity.runtime.log.AvalonLogChute or necessary supporting classes in classpath.
java.lang.NoClassDefFoundError: org/apache/log/format/Formatter
	at java.lang.Class.forName0(Native Method)
	at java.lang.Class.forName(Class.java:169)
	at org.apache.velocity.util.ClassUtils.getClass(ClassUtils.java:76)
	at org.apache.velocity.util.ClassUtils.getNewInstance(ClassUtils.java:95)
	at org.apache.velocity.runtime.log.LogManager.createLogChute(LogManager.java:147)
	at org.apache.velocity.runtime.log.LogManager.updateLog(LogManager.java:208)
	at org.apache.velocity.runtime.RuntimeInstance.initializeLog(RuntimeInstance.java:728)
	at org.apache.velocity.runtime.RuntimeInstance.init(RuntimeInstance.java:240)
	at org.apache.velocity.app.VelocityEngine.init(VelocityEngine.java:116)
	at org.apache.torque.task.TorqueDataModelTask.execute(TorqueDataModelTask.java:475)
	at org.apache.tools.ant.UnknownElement.execute(UnknownElement.java:291)
	at sun.reflect.GeneratedMethodAccessor4.invoke(Unknown Source)
	at sun.reflect.DelegatingMethodAccessorImpl.invoke(DelegatingMethodAccessorImpl.java:25)
	at java.lang.reflect.Method.invoke(Method.java:597)
	at org.apache.tools.ant.dispatch.DispatchUtils.execute(DispatchUtils.java:106)
	at org.apache.tools.ant.Task.perform(Task.java:348)
	at org.apache.tools.ant.Target.execute(Target.java:390)
	at org.apache.tools.ant.Target.performTasks(Target.java:411)
	at org.apache.tools.ant.Project.executeSortedTargets(Project.java:1399)
	at org.apache.tools.ant.helper.SingleCheckExecutor.executeTargets(SingleCheckExecutor.java:38)
	at org.apache.tools.ant.Project.executeTargets(Project.java:1251)
	at org.apache.tools.ant.taskdefs.Ant.execute(Ant.java:442)
	at org.apache.tools.ant.taskdefs.CallTarget.execute(CallTarget.java:105)
	at org.apache.tools.ant.UnknownElement.execute(UnknownElement.java:291)
	at sun.reflect.GeneratedMethodAccessor4.invoke(Unknown Source)
	at sun.reflect.DelegatingMethodAccessorImpl.invoke(DelegatingMethodAccessorImpl.java:25)
	at java.lang.reflect.Method.invoke(Method.java:597)
	at org.apache.tools.ant.dispatch.DispatchUtils.execute(DispatchUtils.java:106)
	at org.apache.tools.ant.Task.perform(Task.java:348)
	at org.apache.tools.ant.Target.execute(Target.java:390)
	at org.apache.tools.ant.Target.performTasks(Target.java:411)
	at org.apache.tools.ant.Project.executeSortedTargets(Project.java:1399)
	at org.apache.tools.ant.helper.SingleCheckExecutor.executeTargets(SingleCheckExecutor.java:38)
	at org.apache.tools.ant.Project.executeTargets(Project.java:1251)
	at org.apache.tools.ant.taskdefs.Ant.execute(Ant.java:442)
	at org.apache.tools.ant.taskdefs.CallTarget.execute(CallTarget.java:105)
	at org.apache.tools.ant.UnknownElement.execute(UnknownElement.java:291)
	at sun.reflect.GeneratedMethodAccessor4.invoke(Unknown Source)
	at sun.reflect.DelegatingMethodAccessorImpl.invoke(DelegatingMethodAccessorImpl.java:25)
	at java.lang.reflect.Method.invoke(Method.java:597)
	at org.apache.tools.ant.dispatch.DispatchUtils.execute(DispatchUtils.java:106)
	at org.apache.tools.ant.Task.perform(Task.java:348)
	at org.apache.tools.ant.Target.execute(Target.java:390)
	at org.apache.tools.ant.Target.performTasks(Target.java:411)
	at org.apache.tools.ant.Project.executeSortedTargets(Project.java:1399)
	at org.apache.tools.ant.Project.executeTarget(Project.java:1368)
	at org.apache.tools.ant.helper.DefaultExecutor.executeTargets(DefaultExecutor.java:41)
	at org.apache.tools.ant.Project.executeTargets(Project.java:1251)
	at org.apache.tools.ant.Main.runBuild(Main.java:809)
	at org.apache.tools.ant.Main.startAnt(Main.java:217)
	at org.apache.tools.ant.launch.Launcher.run(Launcher.java:280)
	at org.apache.tools.ant.launch.Launcher.main(Launcher.java:109)
Caused by: java.lang.ClassNotFoundException: org.apache.log.format.Formatter
	at org.apache.tools.ant.AntClassLoader.findClassInComponents(AntClassLoader.java:1361)
	at org.apache.tools.ant.AntClassLoader.findClass(AntClassLoader.java:1311)
	at org.apache.tools.ant.AntClassLoader.loadClass(AntClassLoader.java:1064)
	at java.lang.ClassLoader.loadClass(ClassLoader.java:247)
	... 52 more
2012-03-20 14:25:17,562 - Trying to use logger class org.apache.velocity.runtime.log.Log4JLogChute
2012-03-20 14:25:17,562 - Trying to use logger class org.apache.velocity.runtime.log.Log4JLogChute
2012-03-20 14:25:17,563 - Using logger class org.apache.velocity.runtime.log.Log4JLogChute
2012-03-20 14:25:17,563 - Using logger class org.apache.velocity.runtime.log.Log4JLogChute
2012-03-20 14:25:17,564 - Default ResourceManager initializing. (class org.apache.velocity.runtime.resource.ResourceManagerImpl)
2012-03-20 14:25:17,564 - Default ResourceManager initializing. (class org.apache.velocity.runtime.resource.ResourceManagerImpl)
2012-03-20 14:25:17,566 - ResourceCache: initialized (class org.apache.velocity.runtime.resource.ResourceCacheImpl)
2012-03-20 14:25:17,566 - ResourceCache: initialized (class org.apache.velocity.runtime.resource.ResourceCacheImpl)
2012-03-20 14:25:17,567 - Loaded System Directive: org.apache.velocity.runtime.directive.Literal
2012-03-20 14:25:17,567 - Loaded System Directive: org.apache.velocity.runtime.directive.Literal
2012-03-20 14:25:17,568 - Loaded System Directive: org.apache.velocity.runtime.directive.Macro
2012-03-20 14:25:17,568 - Loaded System Directive: org.apache.velocity.runtime.directive.Macro
2012-03-20 14:25:17,569 - Loaded System Directive: org.apache.velocity.runtime.directive.Parse
2012-03-20 14:25:17,569 - Loaded System Directive: org.apache.velocity.runtime.directive.Parse
2012-03-20 14:25:17,571 - Loaded System Directive: org.apache.velocity.runtime.directive.Include
2012-03-20 14:25:17,571 - Loaded System Directive: org.apache.velocity.runtime.directive.Include
2012-03-20 14:25:17,572 - Loaded System Directive: org.apache.velocity.runtime.directive.Foreach
2012-03-20 14:25:17,572 - Loaded System Directive: org.apache.velocity.runtime.directive.Foreach
2012-03-20 14:25:17,575 - Created '20' parsers.
2012-03-20 14:25:17,575 - Created '20' parsers.
2012-03-20 14:25:17,577 - Velocimacro : "velocimacro.library" is not set.  Trying default library: VM_global_library.vm
2012-03-20 14:25:17,577 - Velocimacro : "velocimacro.library" is not set.  Trying default library: VM_global_library.vm
2012-03-20 14:25:17,579 - Velocimacro : Default library not found.
2012-03-20 14:25:17,579 - Velocimacro : Default library not found.
2012-03-20 14:25:17,580 - Velocimacro : allowInline = true : VMs can be defined inline in templates
2012-03-20 14:25:17,580 - Velocimacro : allowInline = true : VMs can be defined inline in templates
2012-03-20 14:25:17,581 - Velocimacro : allowInlineToOverride = false : VMs defined inline may NOT replace previous VM definitions
2012-03-20 14:25:17,581 - Velocimacro : allowInlineToOverride = false : VMs defined inline may NOT replace previous VM definitions
2012-03-20 14:25:17,583 - Velocimacro : allowInlineLocal = false : VMs defined inline will be global in scope if allowed.
2012-03-20 14:25:17,583 - Velocimacro : allowInlineLocal = false : VMs defined inline will be global in scope if allowed.
2012-03-20 14:25:17,584 - Velocimacro : autoload off : VM system will not automatically reload global library macros
2012-03-20 14:25:17,584 - Velocimacro : autoload off : VM system will not automatically reload global library macros
2012-03-20 14:25:17,646 - ResourceManager : found om/ControlBase.vm with loader org.apache.velocity.runtime.resource.ResourceCacheImpl
2012-03-20 14:25:17,646 - ResourceManager : found om/ControlBase.vm with loader org.apache.velocity.runtime.resource.ResourceCacheImpl
2012-03-20 14:25:17,768 - ResourceManager : found om/Peer.vm with loader org.apache.velocity.runtime.resource.ResourceCacheImpl
2012-03-20 14:25:17,768 - ResourceManager : found om/Peer.vm with loader org.apache.velocity.runtime.resource.ResourceCacheImpl
2012-03-20 14:25:17,792 - ResourceManager : found om/MapBuilder.vm with loader org.apache.velocity.runtime.resource.ResourceCacheImpl
2012-03-20 14:25:17,792 - ResourceManager : found om/MapBuilder.vm with loader org.apache.velocity.runtime.resource.ResourceCacheImpl
2012-03-20 14:25:17,989 - ResourceManager : found om/Object.vm with loader org.apache.velocity.runtime.resource.ResourceCacheImpl
2012-03-20 14:25:17,989 - ResourceManager : found om/Object.vm with loader org.apache.velocity.runtime.resource.ResourceCacheImpl
2012-03-20 14:25:18,107 - ResourceManager : found om/Peer.vm with loader org.apache.velocity.runtime.resource.ResourceCacheImpl
2012-03-20 14:25:18,107 - ResourceManager : found om/Peer.vm with loader org.apache.velocity.runtime.resource.ResourceCacheImpl
2012-03-20 14:25:18,130 - ResourceManager : found om/MapBuilder.vm with loader org.apache.velocity.runtime.resource.ResourceCacheImpl
2012-03-20 14:25:18,130 - ResourceManager : found om/MapBuilder.vm with loader org.apache.velocity.runtime.resource.ResourceCacheImpl
2012-03-20 14:25:18,390 - ResourceManager : found om/Object.vm with loader org.apache.velocity.runtime.resource.ResourceCacheImpl
2012-03-20 14:25:18,390 - ResourceManager : found om/Object.vm with loader org.apache.velocity.runtime.resource.ResourceCacheImpl
2012-03-20 14:25:18,489 - ResourceManager : found om/Peer.vm with loader org.apache.velocity.runtime.resource.ResourceCacheImpl
2012-03-20 14:25:18,489 - ResourceManager : found om/Peer.vm with loader org.apache.velocity.runtime.resource.ResourceCacheImpl
2012-03-20 14:25:18,507 - ResourceManager : found om/MapBuilder.vm with loader org.apache.velocity.runtime.resource.ResourceCacheImpl
2012-03-20 14:25:18,507 - ResourceManager : found om/MapBuilder.vm with loader org.apache.velocity.runtime.resource.ResourceCacheImpl
2012-03-20 14:25:18,653 - ResourceManager : found om/Object.vm with loader org.apache.velocity.runtime.resource.ResourceCacheImpl
2012-03-20 14:25:18,653 - ResourceManager : found om/Object.vm with loader org.apache.velocity.runtime.resource.ResourceCacheImpl
2012-03-20 14:25:18,716 - ResourceManager : found om/Peer.vm with loader org.apache.velocity.runtime.resource.ResourceCacheImpl
2012-03-20 14:25:18,716 - ResourceManager : found om/Peer.vm with loader org.apache.velocity.runtime.resource.ResourceCacheImpl
2012-03-20 14:25:18,746 - ResourceManager : found om/MapBuilder.vm with loader org.apache.velocity.runtime.resource.ResourceCacheImpl
2012-03-20 14:25:18,746 - ResourceManager : found om/MapBuilder.vm with loader org.apache.velocity.runtime.resource.ResourceCacheImpl
2012-03-20 14:25:18,956 - ResourceManager : found om/Object.vm with loader org.apache.velocity.runtime.resource.ResourceCacheImpl
2012-03-20 14:25:18,956 - ResourceManager : found om/Object.vm with loader org.apache.velocity.runtime.resource.ResourceCacheImpl
2012-03-20 14:25:19,059 - ResourceManager : found om/Peer.vm with loader org.apache.velocity.runtime.resource.ResourceCacheImpl
2012-03-20 14:25:19,059 - ResourceManager : found om/Peer.vm with loader org.apache.velocity.runtime.resource.ResourceCacheImpl
2012-03-20 14:25:19,083 - ResourceManager : found om/MapBuilder.vm with loader org.apache.velocity.runtime.resource.ResourceCacheImpl
2012-03-20 14:25:19,083 - ResourceManager : found om/MapBuilder.vm with loader org.apache.velocity.runtime.resource.ResourceCacheImpl
2012-03-20 14:25:19,177 - ResourceManager : found om/Object.vm with loader org.apache.velocity.runtime.resource.ResourceCacheImpl
2012-03-20 14:25:19,177 - ResourceManager : found om/Object.vm with loader org.apache.velocity.runtime.resource.ResourceCacheImpl
2012-03-20 14:25:19,237 - ResourceManager : found om/Peer.vm with loader org.apache.velocity.runtime.resource.ResourceCacheImpl
2012-03-20 14:25:19,237 - ResourceManager : found om/Peer.vm with loader org.apache.velocity.runtime.resource.ResourceCacheImpl
2012-03-20 14:25:19,253 - ResourceManager : found om/MapBuilder.vm with loader org.apache.velocity.runtime.resource.ResourceCacheImpl
2012-03-20 14:25:19,253 - ResourceManager : found om/MapBuilder.vm with loader org.apache.velocity.runtime.resource.ResourceCacheImpl
2012-03-20 14:25:19,351 - ResourceManager : found om/Object.vm with loader org.apache.velocity.runtime.resource.ResourceCacheImpl
2012-03-20 14:25:19,351 - ResourceManager : found om/Object.vm with loader org.apache.velocity.runtime.resource.ResourceCacheImpl
2012-03-20 14:25:19,417 - ResourceManager : found om/Peer.vm with loader org.apache.velocity.runtime.resource.ResourceCacheImpl
2012-03-20 14:25:19,417 - ResourceManager : found om/Peer.vm with loader org.apache.velocity.runtime.resource.ResourceCacheImpl
2012-03-20 14:25:19,443 - ResourceManager : found om/MapBuilder.vm with loader org.apache.velocity.runtime.resource.ResourceCacheImpl
2012-03-20 14:25:19,443 - ResourceManager : found om/MapBuilder.vm with loader org.apache.velocity.runtime.resource.ResourceCacheImpl
2012-03-20 14:25:19,514 - ResourceManager : found om/Object.vm with loader org.apache.velocity.runtime.resource.ResourceCacheImpl
2012-03-20 14:25:19,514 - ResourceManager : found om/Object.vm with loader org.apache.velocity.runtime.resource.ResourceCacheImpl
2012-03-20 14:25:19,585 - ResourceManager : found om/Peer.vm with loader org.apache.velocity.runtime.resource.ResourceCacheImpl
2012-03-20 14:25:19,585 - ResourceManager : found om/Peer.vm with loader org.apache.velocity.runtime.resource.ResourceCacheImpl
2012-03-20 14:25:19,600 - ResourceManager : found om/MapBuilder.vm with loader org.apache.velocity.runtime.resource.ResourceCacheImpl
2012-03-20 14:25:19,600 - ResourceManager : found om/MapBuilder.vm with loader org.apache.velocity.runtime.resource.ResourceCacheImpl
2012-03-20 14:25:19,655 - ResourceManager : found om/Object.vm with loader org.apache.velocity.runtime.resource.ResourceCacheImpl
2012-03-20 14:25:19,655 - ResourceManager : found om/Object.vm with loader org.apache.velocity.runtime.resource.ResourceCacheImpl
2012-03-20 14:25:19,686 - ResourceManager : found om/DatabaseMapInit.vm with loader org.apache.velocity.runtime.resource.ResourceCacheImpl
2012-03-20 14:25:19,686 - ResourceManager : found om/DatabaseMapInit.vm with loader org.apache.velocity.runtime.resource.ResourceCacheImpl
