2012-03-20 13:26:05,172 - ResourceManager : found om/MapBuilder.vm with loader org.apache.velocity.runtime.resource.ResourceCacheImpl
2012-03-20 13:26:05,245 - ResourceManager : found om/Object.vm with loader org.apache.velocity.runtime.resource.ResourceCacheImpl
2012-03-20 13:26:05,293 - ResourceManager : found om/Peer.vm with loader org.apache.velocity.runtime.resource.ResourceCacheImpl
2012-03-20 13:26:05,309 - ResourceManager : found om/MapBuilder.vm with loader org.apache.velocity.runtime.resource.ResourceCacheImpl
2012-03-20 13:26:05,358 - ResourceManager : found om/Object.vm with loader org.apache.velocity.runtime.resource.ResourceCacheImpl
2012-03-20 13:26:05,377 - ResourceManager : found om/DatabaseMapInit.vm with loader org.apache.velocity.runtime.resource.ResourceCacheImpl
2012-03-20 14:04:22,232 - Log4JLogChute initialized using file 'velocity.log'
2012-03-20 14:04:22,232 - Starting Apache Velocity v1.5 (compiled: 2007-02-22 08:52:29)
2012-03-20 14:04:22,232 - Default Properties File: org/apache/velocity/runtime/defaults/velocity.properties
2012-03-20 14:04:22,232 - Trying to use logger class org.apache.velocity.runtime.log.AvalonLogChute
2012-03-20 14:04:22,233 - Couldn't find class org.apache.velocity.runtime.log.AvalonLogChute or necessary supporting classes in classpath.
java.lang.NoClassDefFoundError: org/apache/log/format/Formatter
	at java.lang.Class.forName0(Native Method)
	at java.lang.Class.forName(Class.java:169)
	at org.apache.velocity.util.ClassUtils.getClass(ClassUtils.java:76)
	at org.apache.velocity.util.ClassUtils.getNewInstance(ClassUtils.java:95)
	at org.apache.velocity.runtime.log.LogManager.createLogChute(LogManager.java:147)
	at org.apache.velocity.runtime.log.LogManager.updateLog(LogManager.java:208)
	at org.apache.velocity.runtime.RuntimeInstance.initializeLog(RuntimeInstance.java:728)
	at org.apache.velocity.runtime.RuntimeInstance.init(RuntimeInstance.java:240)
	at org.apache.velocity.app.VelocityEngine.init(VelocityEngine.java:116)
	at org.apache.torque.task.TorqueDataModelTask.execute(TorqueDataModelTask.java:475)
	at org.apache.tools.ant.UnknownElement.execute(UnknownElement.java:291)
	at sun.reflect.GeneratedMethodAccessor4.invoke(Unknown Source)
	at sun.reflect.DelegatingMethodAccessorImpl.invoke(DelegatingMethodAccessorImpl.java:25)
	at java.lang.reflect.Method.invoke(Method.java:597)
	at org.apache.tools.ant.dispatch.DispatchUtils.execute(DispatchUtils.java:106)
	at org.apache.tools.ant.Task.perform(Task.java:348)
	at org.apache.tools.ant.Target.execute(Target.java:390)
	at org.apache.tools.ant.Target.performTasks(Target.java:411)
	at org.apache.tools.ant.Project.executeSortedTargets(Project.java:1399)
	at org.apache.tools.ant.helper.SingleCheckExecutor.executeTargets(SingleCheckExecutor.java:38)
	at org.apache.tools.ant.Project.executeTargets(Project.java:1251)
	at org.apache.tools.ant.taskdefs.Ant.execute(Ant.java:442)
	at org.apache.tools.ant.taskdefs.CallTarget.execute(CallTarget.java:105)
	at org.apache.tools.ant.UnknownElement.execute(UnknownElement.java:291)
	at sun.reflect.GeneratedMethodAccessor4.invoke(Unknown Source)
	at sun.reflect.DelegatingMethodAccessorImpl.invoke(DelegatingMethodAccessorImpl.java:25)
	at java.lang.reflect.Method.invoke(Method.java:597)
	at org.apache.tools.ant.dispatch.DispatchUtils.execute(DispatchUtils.java:106)
	at org.apache.tools.ant.Task.perform(Task.java:348)
	at org.apache.tools.ant.Target.execute(Target.java:390)
	at org.apache.tools.ant.Target.performTasks(Target.java:411)
	at org.apache.tools.ant.Project.executeSortedTargets(Project.java:1399)
	at org.apache.tools.ant.helper.SingleCheckExecutor.executeTargets(SingleCheckExecutor.java:38)
	at org.apache.tools.ant.Project.executeTargets(Project.java:1251)
	at org.apache.tools.ant.taskdefs.Ant.execute(Ant.java:442)
	at org.apache.tools.ant.taskdefs.CallTarget.execute(CallTarget.java:105)
	at org.apache.tools.ant.UnknownElement.execute(UnknownElement.java:291)
	at sun.reflect.GeneratedMethodAccessor4.invoke(Unknown Source)
	at sun.reflect.DelegatingMethodAccessorImpl.invoke(DelegatingMethodAccessorImpl.java:25)
	at java.lang.reflect.Method.invoke(Method.java:597)
	at org.apache.tools.ant.dispatch.DispatchUtils.execute(DispatchUtils.java:106)
	at org.apache.tools.ant.Task.perform(Task.java:348)
	at org.apache.tools.ant.Target.execute(Target.java:390)
	at org.apache.tools.ant.Target.performTasks(Target.java:411)
	at org.apache.tools.ant.Project.executeSortedTargets(Project.java:1399)
	at org.apache.tools.ant.Project.executeTarget(Project.java:1368)
	at org.apache.tools.ant.helper.DefaultExecutor.executeTargets(DefaultExecutor.java:41)
	at org.apache.tools.ant.Project.executeTargets(Project.java:1251)
	at org.apache.tools.ant.Main.runBuild(Main.java:809)
	at org.apache.tools.ant.Main.startAnt(Main.java:217)
	at org.apache.tools.ant.launch.Launcher.run(Launcher.java:280)
	at org.apache.tools.ant.launch.Launcher.main(Launcher.java:109)
Caused by: java.lang.ClassNotFoundException: org.apache.log.format.Formatter
	at org.apache.tools.ant.AntClassLoader.findClassInComponents(AntClassLoader.java:1361)
	at org.apache.tools.ant.AntClassLoader.findClass(AntClassLoader.java:1311)
	at org.apache.tools.ant.AntClassLoader.loadClass(AntClassLoader.java:1064)
	at java.lang.ClassLoader.loadClass(ClassLoader.java:247)
	... 52 more
2012-03-20 14:04:22,234 - Trying to use logger class org.apache.velocity.runtime.log.Log4JLogChute
2012-03-20 14:04:22,234 - Using logger class org.apache.velocity.runtime.log.Log4JLogChute
2012-03-20 14:04:22,236 - Default ResourceManager initializing. (class org.apache.velocity.runtime.resource.ResourceManagerImpl)
2012-03-20 14:04:22,244 - ResourceCache: initialized (class org.apache.velocity.runtime.resource.ResourceCacheImpl)
2012-03-20 14:04:22,244 - Loaded System Directive: org.apache.velocity.runtime.directive.Literal
2012-03-20 14:04:22,246 - Loaded System Directive: org.apache.velocity.runtime.directive.Macro
2012-03-20 14:04:22,247 - Loaded System Directive: org.apache.velocity.runtime.directive.Parse
2012-03-20 14:04:22,248 - Loaded System Directive: org.apache.velocity.runtime.directive.Include
2012-03-20 14:04:22,249 - Loaded System Directive: org.apache.velocity.runtime.directive.Foreach
2012-03-20 14:04:22,272 - Created '20' parsers.
2012-03-20 14:04:22,278 - Velocimacro : "velocimacro.library" is not set.  Trying default library: VM_global_library.vm
2012-03-20 14:04:22,278 - Velocimacro : Default library not found.
2012-03-20 14:04:22,278 - Velocimacro : allowInline = true : VMs can be defined inline in templates
2012-03-20 14:04:22,278 - Velocimacro : allowInlineToOverride = false : VMs defined inline may NOT replace previous VM definitions
2012-03-20 14:04:22,278 - Velocimacro : allowInlineLocal = false : VMs defined inline will be global in scope if allowed.
2012-03-20 14:04:22,278 - Velocimacro : autoload off : VM system will not automatically reload global library macros
2012-03-20 14:04:22,428 - ResourceManager : found sql/base/Control.vm with loader org.apache.velocity.runtime.resource.ResourceCacheImpl
2012-03-20 14:04:22,448 - ResourceManager : found sql/base/postgresql/table.vm with loader org.apache.velocity.runtime.resource.ResourceCacheImpl
2012-03-20 14:04:22,452 - ResourceManager : found sql/base/postgresql/drop.vm with loader org.apache.velocity.runtime.resource.ResourceCacheImpl
2012-03-20 14:04:22,455 - ResourceManager : found sql/base/postgresql/sequence.vm with loader org.apache.velocity.runtime.resource.ResourceCacheImpl
2012-03-20 14:04:22,460 - ResourceManager : found sql/base/postgresql/columns.vm with loader org.apache.velocity.runtime.resource.ResourceCacheImpl
2012-03-20 14:04:22,464 - ResourceManager : found sql/base/postgresql/primarykey.vm with loader org.apache.velocity.runtime.resource.ResourceCacheImpl
2012-03-20 14:04:22,466 - ResourceManager : found sql/base/postgresql/unique.vm with loader org.apache.velocity.runtime.resource.ResourceCacheImpl
2012-03-20 14:04:22,469 - ResourceManager : found sql/base/postgresql/index.vm with loader org.apache.velocity.runtime.resource.ResourceCacheImpl
2012-03-20 14:04:22,472 - ResourceManager : found sql/base/postgresql/comment.vm with loader org.apache.velocity.runtime.resource.ResourceCacheImpl
2012-03-20 14:04:22,478 - ResourceManager : found sql/base/postgresql/table.vm with loader org.apache.velocity.runtime.resource.ResourceCacheImpl
2012-03-20 14:04:22,481 - ResourceManager : found sql/base/postgresql/drop.vm with loader org.apache.velocity.runtime.resource.ResourceCacheImpl
2012-03-20 14:04:22,482 - ResourceManager : found sql/base/postgresql/sequence.vm with loader org.apache.velocity.runtime.resource.ResourceCacheImpl
2012-03-20 14:04:22,485 - ResourceManager : found sql/base/postgresql/columns.vm with loader org.apache.velocity.runtime.resource.ResourceCacheImpl
2012-03-20 14:04:22,487 - ResourceManager : found sql/base/postgresql/primarykey.vm with loader org.apache.velocity.runtime.resource.ResourceCacheImpl
2012-03-20 14:04:22,489 - ResourceManager : found sql/base/postgresql/unique.vm with loader org.apache.velocity.runtime.resource.ResourceCacheImpl
2012-03-20 14:04:22,491 - ResourceManager : found sql/base/postgresql/index.vm with loader org.apache.velocity.runtime.resource.ResourceCacheImpl
2012-03-20 14:04:22,494 - ResourceManager : found sql/base/postgresql/comment.vm with loader org.apache.velocity.runtime.resource.ResourceCacheImpl
2012-03-20 14:04:22,510 - ResourceManager : found sql/base/postgresql/table.vm with loader org.apache.velocity.runtime.resource.ResourceCacheImpl
2012-03-20 14:04:22,512 - ResourceManager : found sql/base/postgresql/drop.vm with loader org.apache.velocity.runtime.resource.ResourceCacheImpl
2012-03-20 14:04:22,514 - ResourceManager : found sql/base/postgresql/sequence.vm with loader org.apache.velocity.runtime.resource.ResourceCacheImpl
2012-03-20 14:04:22,516 - ResourceManager : found sql/base/postgresql/columns.vm with loader org.apache.velocity.runtime.resource.ResourceCacheImpl
2012-03-20 14:04:22,518 - ResourceManager : found sql/base/postgresql/primarykey.vm with loader org.apache.velocity.runtime.resource.ResourceCacheImpl
2012-03-20 14:04:22,520 - ResourceManager : found sql/base/postgresql/unique.vm with loader org.apache.velocity.runtime.resource.ResourceCacheImpl
2012-03-20 14:04:22,522 - ResourceManager : found sql/base/postgresql/index.vm with loader org.apache.velocity.runtime.resource.ResourceCacheImpl
2012-03-20 14:04:22,525 - ResourceManager : found sql/base/postgresql/comment.vm with loader org.apache.velocity.runtime.resource.ResourceCacheImpl
2012-03-20 14:04:22,526 - Left side ($col.description.length()) of '>' operation has null value. Operation not possible. sql/base/postgresql/comment.vm [line 22, column 33]
2012-03-20 14:04:22,533 - ResourceManager : found sql/base/postgresql/table.vm with loader org.apache.velocity.runtime.resource.ResourceCacheImpl
2012-03-20 14:04:22,535 - ResourceManager : found sql/base/postgresql/drop.vm with loader org.apache.velocity.runtime.resource.ResourceCacheImpl
2012-03-20 14:04:22,536 - ResourceManager : found sql/base/postgresql/sequence.vm with loader org.apache.velocity.runtime.resource.ResourceCacheImpl
2012-03-20 14:04:22,539 - ResourceManager : found sql/base/postgresql/columns.vm with loader org.apache.velocity.runtime.resource.ResourceCacheImpl
2012-03-20 14:04:22,542 - ResourceManager : found sql/base/postgresql/primarykey.vm with loader org.apache.velocity.runtime.resource.ResourceCacheImpl
2012-03-20 14:04:22,544 - ResourceManager : found sql/base/postgresql/unique.vm with loader org.apache.velocity.runtime.resource.ResourceCacheImpl
2012-03-20 14:04:22,547 - ResourceManager : found sql/base/postgresql/index.vm with loader org.apache.velocity.runtime.resource.ResourceCacheImpl
2012-03-20 14:04:22,550 - ResourceManager : found sql/base/postgresql/comment.vm with loader org.apache.velocity.runtime.resource.ResourceCacheImpl
2012-03-20 14:04:22,557 - ResourceManager : found sql/base/postgresql/table.vm with loader org.apache.velocity.runtime.resource.ResourceCacheImpl
2012-03-20 14:04:22,559 - ResourceManager : found sql/base/postgresql/drop.vm with loader org.apache.velocity.runtime.resource.ResourceCacheImpl
2012-03-20 14:04:22,561 - ResourceManager : found sql/base/postgresql/sequence.vm with loader org.apache.velocity.runtime.resource.ResourceCacheImpl
2012-03-20 14:04:22,563 - ResourceManager : found sql/base/postgresql/columns.vm with loader org.apache.velocity.runtime.resource.ResourceCacheImpl
2012-03-20 14:04:22,565 - ResourceManager : found sql/base/postgresql/primarykey.vm with loader org.apache.velocity.runtime.resource.ResourceCacheImpl
2012-03-20 14:04:22,567 - ResourceManager : found sql/base/postgresql/unique.vm with loader org.apache.velocity.runtime.resource.ResourceCacheImpl
2012-03-20 14:04:22,569 - ResourceManager : found sql/base/postgresql/index.vm with loader org.apache.velocity.runtime.resource.ResourceCacheImpl
2012-03-20 14:04:22,571 - ResourceManager : found sql/base/postgresql/comment.vm with loader org.apache.velocity.runtime.resource.ResourceCacheImpl
2012-03-20 14:04:22,580 - ResourceManager : found sql/base/postgresql/table.vm with loader org.apache.velocity.runtime.resource.ResourceCacheImpl
2012-03-20 14:04:22,581 - ResourceManager : found sql/base/postgresql/drop.vm with loader org.apache.velocity.runtime.resource.ResourceCacheImpl
2012-03-20 14:04:22,584 - ResourceManager : found sql/base/postgresql/sequence.vm with loader org.apache.velocity.runtime.resource.ResourceCacheImpl
2012-03-20 14:04:22,586 - ResourceManager : found sql/base/postgresql/columns.vm with loader org.apache.velocity.runtime.resource.ResourceCacheImpl
2012-03-20 14:04:22,589 - ResourceManager : found sql/base/postgresql/primarykey.vm with loader org.apache.velocity.runtime.resource.ResourceCacheImpl
2012-03-20 14:04:22,590 - ResourceManager : found sql/base/postgresql/unique.vm with loader org.apache.velocity.runtime.resource.ResourceCacheImpl
2012-03-20 14:04:22,592 - ResourceManager : found sql/base/postgresql/index.vm with loader org.apache.velocity.runtime.resource.ResourceCacheImpl
2012-03-20 14:04:22,595 - ResourceManager : found sql/base/postgresql/comment.vm with loader org.apache.velocity.runtime.resource.ResourceCacheImpl
2012-03-20 14:04:22,603 - ResourceManager : found sql/base/postgresql/table.vm with loader org.apache.velocity.runtime.resource.ResourceCacheImpl
2012-03-20 14:04:22,605 - ResourceManager : found sql/base/postgresql/drop.vm with loader org.apache.velocity.runtime.resource.ResourceCacheImpl
2012-03-20 14:04:22,607 - ResourceManager : found sql/base/postgresql/sequence.vm with loader org.apache.velocity.runtime.resource.ResourceCacheImpl
2012-03-20 14:04:22,611 - ResourceManager : found sql/base/postgresql/columns.vm with loader org.apache.velocity.runtime.resource.ResourceCacheImpl
2012-03-20 14:04:22,613 - ResourceManager : found sql/base/postgresql/primarykey.vm with loader org.apache.velocity.runtime.resource.ResourceCacheImpl
2012-03-20 14:04:22,614 - ResourceManager : found sql/base/postgresql/unique.vm with loader org.apache.velocity.runtime.resource.ResourceCacheImpl
2012-03-20 14:04:22,616 - ResourceManager : found sql/base/postgresql/index.vm with loader org.apache.velocity.runtime.resource.ResourceCacheImpl
2012-03-20 14:04:22,620 - ResourceManager : found sql/base/postgresql/comment.vm with loader org.apache.velocity.runtime.resource.ResourceCacheImpl
2012-03-20 14:04:22,626 - ResourceManager : found sql/base/postgresql/table.vm with loader org.apache.velocity.runtime.resource.ResourceCacheImpl
2012-03-20 14:04:22,628 - ResourceManager : found sql/base/postgresql/drop.vm with loader org.apache.velocity.runtime.resource.ResourceCacheImpl
2012-03-20 14:04:22,629 - ResourceManager : found sql/base/postgresql/sequence.vm with loader org.apache.velocity.runtime.resource.ResourceCacheImpl
2012-03-20 14:04:22,631 - ResourceManager : found sql/base/postgresql/columns.vm with loader org.apache.velocity.runtime.resource.ResourceCacheImpl
2012-03-20 14:04:22,633 - ResourceManager : found sql/base/postgresql/primarykey.vm with loader org.apache.velocity.runtime.resource.ResourceCacheImpl
2012-03-20 14:04:22,638 - ResourceManager : found sql/base/postgresql/unique.vm with loader org.apache.velocity.runtime.resource.ResourceCacheImpl
2012-03-20 14:04:22,639 - ResourceManager : found sql/base/postgresql/index.vm with loader org.apache.velocity.runtime.resource.ResourceCacheImpl
2012-03-20 14:04:22,641 - ResourceManager : found sql/base/postgresql/comment.vm with loader org.apache.velocity.runtime.resource.ResourceCacheImpl
2012-03-20 14:04:22,643 - ResourceManager : found sql/base/postgresql/tablefk.vm with loader org.apache.velocity.runtime.resource.ResourceCacheImpl
2012-03-20 14:04:22,645 - ResourceManager : found sql/base/postgresql/foreignkey.vm with loader org.apache.velocity.runtime.resource.ResourceCacheImpl
2012-03-20 14:04:22,647 - ResourceManager : found sql/base/postgresql/tablefk.vm with loader org.apache.velocity.runtime.resource.ResourceCacheImpl
2012-03-20 14:04:22,649 - ResourceManager : found sql/base/postgresql/foreignkey.vm with loader org.apache.velocity.runtime.resource.ResourceCacheImpl
2012-03-20 14:04:22,650 - ResourceManager : found sql/base/postgresql/tablefk.vm with loader org.apache.velocity.runtime.resource.ResourceCacheImpl
2012-03-20 14:04:22,652 - ResourceManager : found sql/base/postgresql/foreignkey.vm with loader org.apache.velocity.runtime.resource.ResourceCacheImpl
2012-03-20 14:04:22,654 - ResourceManager : found sql/base/postgresql/tablefk.vm with loader org.apache.velocity.runtime.resource.ResourceCacheImpl
2012-03-20 14:04:22,656 - ResourceManager : found sql/base/postgresql/foreignkey.vm with loader org.apache.velocity.runtime.resource.ResourceCacheImpl
2012-03-20 14:04:22,658 - ResourceManager : found sql/base/postgresql/tablefk.vm with loader org.apache.velocity.runtime.resource.ResourceCacheImpl
2012-03-20 14:04:22,660 - ResourceManager : found sql/base/postgresql/foreignkey.vm with loader org.apache.velocity.runtime.resource.ResourceCacheImpl
2012-03-20 14:04:22,661 - ResourceManager : found sql/base/postgresql/tablefk.vm with loader org.apache.velocity.runtime.resource.ResourceCacheImpl
2012-03-20 14:04:22,663 - ResourceManager : found sql/base/postgresql/foreignkey.vm with loader org.apache.velocity.runtime.resource.ResourceCacheImpl
2012-03-20 14:04:22,665 - ResourceManager : found sql/base/postgresql/tablefk.vm with loader org.apache.velocity.runtime.resource.ResourceCacheImpl
2012-03-20 14:04:22,667 - ResourceManager : found sql/base/postgresql/foreignkey.vm with loader org.apache.velocity.runtime.resource.ResourceCacheImpl
2012-03-20 14:04:22,669 - ResourceManager : found sql/base/postgresql/tablefk.vm with loader org.apache.velocity.runtime.resource.ResourceCacheImpl
2012-03-20 14:04:22,671 - ResourceManager : found sql/base/postgresql/foreignkey.vm with loader org.apache.velocity.runtime.resource.ResourceCacheImpl
2012-03-20 14:04:22,675 - ResourceManager : found sql/base/postgresql/table.vm with loader org.apache.velocity.runtime.resource.ResourceCacheImpl
2012-03-20 14:04:22,680 - ResourceManager : found sql/base/postgresql/drop.vm with loader org.apache.velocity.runtime.resource.ResourceCacheImpl
2012-03-20 14:04:22,681 - ResourceManager : found sql/base/postgresql/sequence.vm with loader org.apache.velocity.runtime.resource.ResourceCacheImpl
2012-03-20 14:04:22,682 - ResourceManager : found sql/base/postgresql/columns.vm with loader org.apache.velocity.runtime.resource.ResourceCacheImpl
2012-03-20 14:04:22,685 - ResourceManager : found sql/base/postgresql/primarykey.vm with loader org.apache.velocity.runtime.resource.ResourceCacheImpl
2012-03-20 14:04:22,686 - ResourceManager : found sql/base/postgresql/unique.vm with loader org.apache.velocity.runtime.resource.ResourceCacheImpl
2012-03-20 14:04:22,688 - ResourceManager : found sql/base/postgresql/index.vm with loader org.apache.velocity.runtime.resource.ResourceCacheImpl
2012-03-20 14:04:22,689 - ResourceManager : found sql/base/postgresql/comment.vm with loader org.apache.velocity.runtime.resource.ResourceCacheImpl
2012-03-20 14:04:22,690 - Left side ($table.description.length()) of '>' operation has null value. Operation not possible. sql/base/postgresql/comment.vm [line 17, column 35]
2012-03-20 14:04:22,690 - Left side ($col.description.length()) of '>' operation has null value. Operation not possible. sql/base/postgresql/comment.vm [line 22, column 33]
2012-03-20 14:04:22,690 - Left side ($col.description.length()) of '>' operation has null value. Operation not possible. sql/base/postgresql/comment.vm [line 22, column 33]
2012-03-20 14:04:22,690 - Left side ($col.description.length()) of '>' operation has null value. Operation not possible. sql/base/postgresql/comment.vm [line 22, column 33]
2012-03-20 14:04:22,690 - Left side ($col.description.length()) of '>' operation has null value. Operation not possible. sql/base/postgresql/comment.vm [line 22, column 33]
2012-03-20 14:04:22,691 - ResourceManager : found sql/base/postgresql/tablefk.vm with loader org.apache.velocity.runtime.resource.ResourceCacheImpl
2012-03-20 14:04:22,693 - ResourceManager : found sql/base/postgresql/foreignkey.vm with loader org.apache.velocity.runtime.resource.ResourceCacheImpl
2012-03-20 14:04:23,404 - Log4JLogChute initialized using file 'velocity.log'
2012-03-20 14:04:23,404 - Starting Apache Velocity v1.5 (compiled: 2007-02-22 08:52:29)
2012-03-20 14:04:23,404 - Default Properties File: org/apache/velocity/runtime/defaults/velocity.properties
2012-03-20 14:04:23,404 - Trying to use logger class org.apache.velocity.runtime.log.AvalonLogChute
2012-03-20 14:04:23,405 - Couldn't find class org.apache.velocity.runtime.log.AvalonLogChute or necessary supporting classes in classpath.
java.lang.NoClassDefFoundError: org/apache/log/format/Formatter
	at java.lang.Class.forName0(Native Method)
	at java.lang.Class.forName(Class.java:169)
	at org.apache.velocity.util.ClassUtils.getClass(ClassUtils.java:76)
	at org.apache.velocity.util.ClassUtils.getNewInstance(ClassUtils.java:95)
	at org.apache.velocity.runtime.log.LogManager.createLogChute(LogManager.java:147)
	at org.apache.velocity.runtime.log.LogManager.updateLog(LogManager.java:208)
	at org.apache.velocity.runtime.RuntimeInstance.initializeLog(RuntimeInstance.java:728)
	at org.apache.velocity.runtime.RuntimeInstance.init(RuntimeInstance.java:240)
	at org.apache.velocity.app.VelocityEngine.init(VelocityEngine.java:116)
	at org.apache.torque.task.TorqueDataModelTask.execute(TorqueDataModelTask.java:475)
	at org.apache.tools.ant.UnknownElement.execute(UnknownElement.java:291)
	at sun.reflect.GeneratedMethodAccessor4.invoke(Unknown Source)
	at sun.reflect.DelegatingMethodAccessorImpl.invoke(DelegatingMethodAccessorImpl.java:25)
	at java.lang.reflect.Method.invoke(Method.java:597)
	at org.apache.tools.ant.dispatch.DispatchUtils.execute(DispatchUtils.java:106)
	at org.apache.tools.ant.Task.perform(Task.java:348)
	at org.apache.tools.ant.Target.execute(Target.java:390)
	at org.apache.tools.ant.Target.performTasks(Target.java:411)
	at org.apache.tools.ant.Project.executeSortedTargets(Project.java:1399)
	at org.apache.tools.ant.helper.SingleCheckExecutor.executeTargets(SingleCheckExecutor.java:38)
	at org.apache.tools.ant.Project.executeTargets(Project.java:1251)
	at org.apache.tools.ant.taskdefs.Ant.execute(Ant.java:442)
	at org.apache.tools.ant.taskdefs.CallTarget.execute(CallTarget.java:105)
	at org.apache.tools.ant.UnknownElement.execute(UnknownElement.java:291)
	at sun.reflect.GeneratedMethodAccessor4.invoke(Unknown Source)
	at sun.reflect.DelegatingMethodAccessorImpl.invoke(DelegatingMethodAccessorImpl.java:25)
	at java.lang.reflect.Method.invoke(Method.java:597)
	at org.apache.tools.ant.dispatch.DispatchUtils.execute(DispatchUtils.java:106)
	at org.apache.tools.ant.Task.perform(Task.java:348)
	at org.apache.tools.ant.Target.execute(Target.java:390)
	at org.apache.tools.ant.Target.performTasks(Target.java:411)
	at org.apache.tools.ant.Project.executeSortedTargets(Project.java:1399)
	at org.apache.tools.ant.helper.SingleCheckExecutor.executeTargets(SingleCheckExecutor.java:38)
	at org.apache.tools.ant.Project.executeTargets(Project.java:1251)
	at org.apache.tools.ant.taskdefs.Ant.execute(Ant.java:442)
	at org.apache.tools.ant.taskdefs.CallTarget.execute(CallTarget.java:105)
	at org.apache.tools.ant.UnknownElement.execute(UnknownElement.java:291)
	at sun.reflect.GeneratedMethodAccessor4.invoke(Unknown Source)
	at sun.reflect.DelegatingMethodAccessorImpl.invoke(DelegatingMethodAccessorImpl.java:25)
	at java.lang.reflect.Method.invoke(Method.java:597)
	at org.apache.tools.ant.dispatch.DispatchUtils.execute(DispatchUtils.java:106)
	at org.apache.tools.ant.Task.perform(Task.java:348)
	at org.apache.tools.ant.Target.execute(Target.java:390)
	at org.apache.tools.ant.Target.performTasks(Target.java:411)
	at org.apache.tools.ant.Project.executeSortedTargets(Project.java:1399)
	at org.apache.tools.ant.Project.executeTarget(Project.java:1368)
	at org.apache.tools.ant.helper.DefaultExecutor.executeTargets(DefaultExecutor.java:41)
	at org.apache.tools.ant.Project.executeTargets(Project.java:1251)
	at org.apache.tools.ant.Main.runBuild(Main.java:809)
	at org.apache.tools.ant.Main.startAnt(Main.java:217)
	at org.apache.tools.ant.launch.Launcher.run(Launcher.java:280)
	at org.apache.tools.ant.launch.Launcher.main(Launcher.java:109)
Caused by: java.lang.ClassNotFoundException: org.apache.log.format.Formatter
	at org.apache.tools.ant.AntClassLoader.findClassInComponents(AntClassLoader.java:1361)
	at org.apache.tools.ant.AntClassLoader.findClass(AntClassLoader.java:1311)
	at org.apache.tools.ant.AntClassLoader.loadClass(AntClassLoader.java:1064)
	at java.lang.ClassLoader.loadClass(ClassLoader.java:247)
	... 52 more
2012-03-20 14:04:23,406 - Trying to use logger class org.apache.velocity.runtime.log.Log4JLogChute
2012-03-20 14:04:23,406 - Using logger class org.apache.velocity.runtime.log.Log4JLogChute
2012-03-20 14:04:23,408 - Default ResourceManager initializing. (class org.apache.velocity.runtime.resource.ResourceManagerImpl)
2012-03-20 14:04:23,417 - ResourceCache: initialized (class org.apache.velocity.runtime.resource.ResourceCacheImpl)
2012-03-20 14:04:23,418 - Loaded System Directive: org.apache.velocity.runtime.directive.Literal
2012-03-20 14:04:23,419 - Loaded System Directive: org.apache.velocity.runtime.directive.Macro
2012-03-20 14:04:23,420 - Loaded System Directive: org.apache.velocity.runtime.directive.Parse
2012-03-20 14:04:23,422 - Loaded System Directive: org.apache.velocity.runtime.directive.Include
2012-03-20 14:04:23,422 - Loaded System Directive: org.apache.velocity.runtime.directive.Foreach
2012-03-20 14:04:23,446 - Created '20' parsers.
2012-03-20 14:04:23,454 - Velocimacro : "velocimacro.library" is not set.  Trying default library: VM_global_library.vm
2012-03-20 14:04:23,454 - Velocimacro : Default library not found.
2012-03-20 14:04:23,454 - Velocimacro : allowInline = true : VMs can be defined inline in templates
2012-03-20 14:04:23,454 - Velocimacro : allowInlineToOverride = false : VMs defined inline may NOT replace previous VM definitions
2012-03-20 14:04:23,454 - Velocimacro : allowInlineLocal = false : VMs defined inline will be global in scope if allowed.
2012-03-20 14:04:23,454 - Velocimacro : autoload off : VM system will not automatically reload global library macros
2012-03-20 14:04:23,544 - ResourceManager : found om/Control.vm with loader org.apache.velocity.runtime.resource.ResourceCacheImpl
2012-03-20 14:04:23,568 - RHS of #set statement is null. Context will not be modified. om/Control.vm [line 105, column 1]
2012-03-20 14:04:23,569 - RHS of #set statement is null. Context will not be modified. om/Control.vm [line 105, column 1]
2012-03-20 14:04:23,569 - RHS of #set statement is null. Context will not be modified. om/Control.vm [line 105, column 1]
2012-03-20 14:04:23,569 - RHS of #set statement is null. Context will not be modified. om/Control.vm [line 105, column 1]
2012-03-20 14:04:23,569 - RHS of #set statement is null. Context will not be modified. om/Control.vm [line 105, column 1]
2012-03-20 14:04:23,569 - RHS of #set statement is null. Context will not be modified. om/Control.vm [line 105, column 1]
2012-03-20 14:04:23,569 - RHS of #set statement is null. Context will not be modified. om/Control.vm [line 105, column 1]
2012-03-20 14:04:23,569 - RHS of #set statement is null. Context will not be modified. om/Control.vm [line 105, column 1]
2012-03-20 14:04:23,582 - Log4JLogChute initialized using file 'velocity.log'
2012-03-20 14:04:23,582 - Log4JLogChute initialized using file 'velocity.log'
2012-03-20 14:04:23,583 - Starting Apache Velocity v1.5 (compiled: 2007-02-22 08:52:29)
2012-03-20 14:04:23,583 - Starting Apache Velocity v1.5 (compiled: 2007-02-22 08:52:29)
2012-03-20 14:04:23,583 - Default Properties File: org/apache/velocity/runtime/defaults/velocity.properties
2012-03-20 14:04:23,583 - Default Properties File: org/apache/velocity/runtime/defaults/velocity.properties
2012-03-20 14:04:23,584 - Trying to use logger class org.apache.velocity.runtime.log.AvalonLogChute
2012-03-20 14:04:23,584 - Trying to use logger class org.apache.velocity.runtime.log.AvalonLogChute
2012-03-20 14:04:23,586 - Couldn't find class org.apache.velocity.runtime.log.AvalonLogChute or necessary supporting classes in classpath.
java.lang.NoClassDefFoundError: org/apache/log/format/Formatter
	at java.lang.Class.forName0(Native Method)
	at java.lang.Class.forName(Class.java:169)
	at org.apache.velocity.util.ClassUtils.getClass(ClassUtils.java:76)
	at org.apache.velocity.util.ClassUtils.getNewInstance(ClassUtils.java:95)
	at org.apache.velocity.runtime.log.LogManager.createLogChute(LogManager.java:147)
	at org.apache.velocity.runtime.log.LogManager.updateLog(LogManager.java:208)
	at org.apache.velocity.runtime.RuntimeInstance.initializeLog(RuntimeInstance.java:728)
	at org.apache.velocity.runtime.RuntimeInstance.init(RuntimeInstance.java:240)
	at org.apache.velocity.app.VelocityEngine.init(VelocityEngine.java:116)
	at org.apache.torque.task.TorqueDataModelTask.execute(TorqueDataModelTask.java:475)
	at org.apache.tools.ant.UnknownElement.execute(UnknownElement.java:291)
	at sun.reflect.GeneratedMethodAccessor4.invoke(Unknown Source)
	at sun.reflect.DelegatingMethodAccessorImpl.invoke(DelegatingMethodAccessorImpl.java:25)
	at java.lang.reflect.Method.invoke(Method.java:597)
	at org.apache.tools.ant.dispatch.DispatchUtils.execute(DispatchUtils.java:106)
	at org.apache.tools.ant.Task.perform(Task.java:348)
	at org.apache.tools.ant.Target.execute(Target.java:390)
	at org.apache.tools.ant.Target.performTasks(Target.java:411)
	at org.apache.tools.ant.Project.executeSortedTargets(Project.java:1399)
	at org.apache.tools.ant.helper.SingleCheckExecutor.executeTargets(SingleCheckExecutor.java:38)
	at org.apache.tools.ant.Project.executeTargets(Project.java:1251)
	at org.apache.tools.ant.taskdefs.Ant.execute(Ant.java:442)
	at org.apache.tools.ant.taskdefs.CallTarget.execute(CallTarget.java:105)
	at org.apache.tools.ant.UnknownElement.execute(UnknownElement.java:291)
	at sun.reflect.GeneratedMethodAccessor4.invoke(Unknown Source)
	at sun.reflect.DelegatingMethodAccessorImpl.invoke(DelegatingMethodAccessorImpl.java:25)
	at java.lang.reflect.Method.invoke(Method.java:597)
	at org.apache.tools.ant.dispatch.DispatchUtils.execute(DispatchUtils.java:106)
	at org.apache.tools.ant.Task.perform(Task.java:348)
	at org.apache.tools.ant.Target.execute(Target.java:390)
	at org.apache.tools.ant.Target.performTasks(Target.java:411)
	at org.apache.tools.ant.Project.executeSortedTargets(Project.java:1399)
	at org.apache.tools.ant.helper.SingleCheckExecutor.executeTargets(SingleCheckExecutor.java:38)
	at org.apache.tools.ant.Project.executeTargets(Project.java:1251)
	at org.apache.tools.ant.taskdefs.Ant.execute(Ant.java:442)
	at org.apache.tools.ant.taskdefs.CallTarget.execute(CallTarget.java:105)
	at org.apache.tools.ant.UnknownElement.execute(UnknownElement.java:291)
	at sun.reflect.GeneratedMethodAccessor4.invoke(Unknown Source)
	at sun.reflect.DelegatingMethodAccessorImpl.invoke(DelegatingMethodAccessorImpl.java:25)
	at java.lang.reflect.Method.invoke(Method.java:597)
	at org.apache.tools.ant.dispatch.DispatchUtils.execute(DispatchUtils.java:106)
	at org.apache.tools.ant.Task.perform(Task.java:348)
	at org.apache.tools.ant.Target.execute(Target.java:390)
	at org.apache.tools.ant.Target.performTasks(Target.java:411)
	at org.apache.tools.ant.Project.executeSortedTargets(Project.java:1399)
	at org.apache.tools.ant.Project.executeTarget(Project.java:1368)
	at org.apache.tools.ant.helper.DefaultExecutor.executeTargets(DefaultExecutor.java:41)
	at org.apache.tools.ant.Project.executeTargets(Project.java:1251)
	at org.apache.tools.ant.Main.runBuild(Main.java:809)
	at org.apache.tools.ant.Main.startAnt(Main.java:217)
	at org.apache.tools.ant.launch.Launcher.run(Launcher.java:280)
	at org.apache.tools.ant.launch.Launcher.main(Launcher.java:109)
Caused by: java.lang.ClassNotFoundException: org.apache.log.format.Formatter
	at org.apache.tools.ant.AntClassLoader.findClassInComponents(AntClassLoader.java:1361)
	at org.apache.tools.ant.AntClassLoader.findClass(AntClassLoader.java:1311)
	at org.apache.tools.ant.AntClassLoader.loadClass(AntClassLoader.java:1064)
	at java.lang.ClassLoader.loadClass(ClassLoader.java:247)
	... 52 more
2012-03-20 14:04:23,586 - Couldn't find class org.apache.velocity.runtime.log.AvalonLogChute or necessary supporting classes in classpath.
java.lang.NoClassDefFoundError: org/apache/log/format/Formatter
	at java.lang.Class.forName0(Native Method)
	at java.lang.Class.forName(Class.java:169)
	at org.apache.velocity.util.ClassUtils.getClass(ClassUtils.java:76)
	at org.apache.velocity.util.ClassUtils.getNewInstance(ClassUtils.java:95)
	at org.apache.velocity.runtime.log.LogManager.createLogChute(LogManager.java:147)
	at org.apache.velocity.runtime.log.LogManager.updateLog(LogManager.java:208)
	at org.apache.velocity.runtime.RuntimeInstance.initializeLog(RuntimeInstance.java:728)
	at org.apache.velocity.runtime.RuntimeInstance.init(RuntimeInstance.java:240)
	at org.apache.velocity.app.VelocityEngine.init(VelocityEngine.java:116)
	at org.apache.torque.task.TorqueDataModelTask.execute(TorqueDataModelTask.java:475)
	at org.apache.tools.ant.UnknownElement.execute(UnknownElement.java:291)
	at sun.reflect.GeneratedMethodAccessor4.invoke(Unknown Source)
	at sun.reflect.DelegatingMethodAccessorImpl.invoke(DelegatingMethodAccessorImpl.java:25)
	at java.lang.reflect.Method.invoke(Method.java:597)
	at org.apache.tools.ant.dispatch.DispatchUtils.execute(DispatchUtils.java:106)
	at org.apache.tools.ant.Task.perform(Task.java:348)
	at org.apache.tools.ant.Target.execute(Target.java:390)
	at org.apache.tools.ant.Target.performTasks(Target.java:411)
	at org.apache.tools.ant.Project.executeSortedTargets(Project.java:1399)
	at org.apache.tools.ant.helper.SingleCheckExecutor.executeTargets(SingleCheckExecutor.java:38)
	at org.apache.tools.ant.Project.executeTargets(Project.java:1251)
	at org.apache.tools.ant.taskdefs.Ant.execute(Ant.java:442)
	at org.apache.tools.ant.taskdefs.CallTarget.execute(CallTarget.java:105)
	at org.apache.tools.ant.UnknownElement.execute(UnknownElement.java:291)
	at sun.reflect.GeneratedMethodAccessor4.invoke(Unknown Source)
	at sun.reflect.DelegatingMethodAccessorImpl.invoke(DelegatingMethodAccessorImpl.java:25)
	at java.lang.reflect.Method.invoke(Method.java:597)
	at org.apache.tools.ant.dispatch.DispatchUtils.execute(DispatchUtils.java:106)
	at org.apache.tools.ant.Task.perform(Task.java:348)
	at org.apache.tools.ant.Target.execute(Target.java:390)
	at org.apache.tools.ant.Target.performTasks(Target.java:411)
	at org.apache.tools.ant.Project.executeSortedTargets(Project.java:1399)
	at org.apache.tools.ant.helper.SingleCheckExecutor.executeTargets(SingleCheckExecutor.java:38)
	at org.apache.tools.ant.Project.executeTargets(Project.java:1251)
	at org.apache.tools.ant.taskdefs.Ant.execute(Ant.java:442)
	at org.apache.tools.ant.taskdefs.CallTarget.execute(CallTarget.java:105)
	at org.apache.tools.ant.UnknownElement.execute(UnknownElement.java:291)
	at sun.reflect.GeneratedMethodAccessor4.invoke(Unknown Source)
	at sun.reflect.DelegatingMethodAccessorImpl.invoke(DelegatingMethodAccessorImpl.java:25)
	at java.lang.reflect.Method.invoke(Method.java:597)
	at org.apache.tools.ant.dispatch.DispatchUtils.execute(DispatchUtils.java:106)
	at org.apache.tools.ant.Task.perform(Task.java:348)
	at org.apache.tools.ant.Target.execute(Target.java:390)
	at org.apache.tools.ant.Target.performTasks(Target.java:411)
	at org.apache.tools.ant.Project.executeSortedTargets(Project.java:1399)
	at org.apache.tools.ant.Project.executeTarget(Project.java:1368)
	at org.apache.tools.ant.helper.DefaultExecutor.executeTargets(DefaultExecutor.java:41)
	at org.apache.tools.ant.Project.executeTargets(Project.java:1251)
	at org.apache.tools.ant.Main.runBuild(Main.java:809)
	at org.apache.tools.ant.Main.startAnt(Main.java:217)
	at org.apache.tools.ant.launch.Launcher.run(Launcher.java:280)
	at org.apache.tools.ant.launch.Launcher.main(Launcher.java:109)
Caused by: java.lang.ClassNotFoundException: org.apache.log.format.Formatter
	at org.apache.tools.ant.AntClassLoader.findClassInComponents(AntClassLoader.java:1361)
	at org.apache.tools.ant.AntClassLoader.findClass(AntClassLoader.java:1311)
	at org.apache.tools.ant.AntClassLoader.loadClass(AntClassLoader.java:1064)
	at java.lang.ClassLoader.loadClass(ClassLoader.java:247)
	... 52 more
2012-03-20 14:04:23,588 - Trying to use logger class org.apache.velocity.runtime.log.Log4JLogChute
2012-03-20 14:04:23,588 - Trying to use logger class org.apache.velocity.runtime.log.Log4JLogChute
2012-03-20 14:04:23,589 - Using logger class org.apache.velocity.runtime.log.Log4JLogChute
2012-03-20 14:04:23,589 - Using logger class org.apache.velocity.runtime.log.Log4JLogChute
2012-03-20 14:04:23,591 - Default ResourceManager initializing. (class org.apache.velocity.runtime.resource.ResourceManagerImpl)
2012-03-20 14:04:23,591 - Default ResourceManager initializing. (class org.apache.velocity.runtime.resource.ResourceManagerImpl)
2012-03-20 14:04:23,592 - ResourceCache: initialized (class org.apache.velocity.runtime.resource.ResourceCacheImpl)
2012-03-20 14:04:23,592 - ResourceCache: initialized (class org.apache.velocity.runtime.resource.ResourceCacheImpl)
2012-03-20 14:04:23,594 - Loaded System Directive: org.apache.velocity.runtime.directive.Literal
2012-03-20 14:04:23,594 - Loaded System Directive: org.apache.velocity.runtime.directive.Literal
2012-03-20 14:04:23,595 - Loaded System Directive: org.apache.velocity.runtime.directive.Macro
2012-03-20 14:04:23,595 - Loaded System Directive: org.apache.velocity.runtime.directive.Macro
2012-03-20 14:04:23,597 - Loaded System Directive: org.apache.velocity.runtime.directive.Parse
2012-03-20 14:04:23,597 - Loaded System Directive: org.apache.velocity.runtime.directive.Parse
2012-03-20 14:04:23,598 - Loaded System Directive: org.apache.velocity.runtime.directive.Include
2012-03-20 14:04:23,598 - Loaded System Directive: org.apache.velocity.runtime.directive.Include
2012-03-20 14:04:23,600 - Loaded System Directive: org.apache.velocity.runtime.directive.Foreach
2012-03-20 14:04:23,600 - Loaded System Directive: org.apache.velocity.runtime.directive.Foreach
2012-03-20 14:04:23,603 - Created '20' parsers.
2012-03-20 14:04:23,603 - Created '20' parsers.
2012-03-20 14:04:23,605 - Velocimacro : "velocimacro.library" is not set.  Trying default library: VM_global_library.vm
2012-03-20 14:04:23,605 - Velocimacro : "velocimacro.library" is not set.  Trying default library: VM_global_library.vm
2012-03-20 14:04:23,606 - Velocimacro : Default library not found.
2012-03-20 14:04:23,606 - Velocimacro : Default library not found.
2012-03-20 14:04:23,608 - Velocimacro : allowInline = true : VMs can be defined inline in templates
2012-03-20 14:04:23,608 - Velocimacro : allowInline = true : VMs can be defined inline in templates
2012-03-20 14:04:23,609 - Velocimacro : allowInlineToOverride = false : VMs defined inline may NOT replace previous VM definitions
2012-03-20 14:04:23,609 - Velocimacro : allowInlineToOverride = false : VMs defined inline may NOT replace previous VM definitions
2012-03-20 14:04:23,610 - Velocimacro : allowInlineLocal = false : VMs defined inline will be global in scope if allowed.
2012-03-20 14:04:23,610 - Velocimacro : allowInlineLocal = false : VMs defined inline will be global in scope if allowed.
2012-03-20 14:04:23,612 - Velocimacro : autoload off : VM system will not automatically reload global library macros
2012-03-20 14:04:23,612 - Velocimacro : autoload off : VM system will not automatically reload global library macros
2012-03-20 14:04:23,687 - ResourceManager : found om/ControlBase.vm with loader org.apache.velocity.runtime.resource.ResourceCacheImpl
2012-03-20 14:04:23,687 - ResourceManager : found om/ControlBase.vm with loader org.apache.velocity.runtime.resource.ResourceCacheImpl
2012-03-20 14:04:23,817 - ResourceManager : found om/Peer.vm with loader org.apache.velocity.runtime.resource.ResourceCacheImpl
2012-03-20 14:04:23,817 - ResourceManager : found om/Peer.vm with loader org.apache.velocity.runtime.resource.ResourceCacheImpl
2012-03-20 14:04:23,843 - ResourceManager : found om/MapBuilder.vm with loader org.apache.velocity.runtime.resource.ResourceCacheImpl
2012-03-20 14:04:23,843 - ResourceManager : found om/MapBuilder.vm with loader org.apache.velocity.runtime.resource.ResourceCacheImpl
2012-03-20 14:04:24,054 - ResourceManager : found om/Object.vm with loader org.apache.velocity.runtime.resource.ResourceCacheImpl
2012-03-20 14:04:24,054 - ResourceManager : found om/Object.vm with loader org.apache.velocity.runtime.resource.ResourceCacheImpl
2012-03-20 14:04:24,185 - ResourceManager : found om/Peer.vm with loader org.apache.velocity.runtime.resource.ResourceCacheImpl
2012-03-20 14:04:24,185 - ResourceManager : found om/Peer.vm with loader org.apache.velocity.runtime.resource.ResourceCacheImpl
2012-03-20 14:04:24,233 - ResourceManager : found om/MapBuilder.vm with loader org.apache.velocity.runtime.resource.ResourceCacheImpl
2012-03-20 14:04:24,233 - ResourceManager : found om/MapBuilder.vm with loader org.apache.velocity.runtime.resource.ResourceCacheImpl
2012-03-20 14:04:24,568 - ResourceManager : found om/Object.vm with loader org.apache.velocity.runtime.resource.ResourceCacheImpl
2012-03-20 14:04:24,568 - ResourceManager : found om/Object.vm with loader org.apache.velocity.runtime.resource.ResourceCacheImpl
2012-03-20 14:04:24,655 - ResourceManager : found om/Peer.vm with loader org.apache.velocity.runtime.resource.ResourceCacheImpl
2012-03-20 14:04:24,655 - ResourceManager : found om/Peer.vm with loader org.apache.velocity.runtime.resource.ResourceCacheImpl
2012-03-20 14:04:24,677 - ResourceManager : found om/MapBuilder.vm with loader org.apache.velocity.runtime.resource.ResourceCacheImpl
2012-03-20 14:04:24,677 - ResourceManager : found om/MapBuilder.vm with loader org.apache.velocity.runtime.resource.ResourceCacheImpl
2012-03-20 14:04:24,755 - ResourceManager : found om/Object.vm with loader org.apache.velocity.runtime.resource.ResourceCacheImpl
2012-03-20 14:04:24,755 - ResourceManager : found om/Object.vm with loader org.apache.velocity.runtime.resource.ResourceCacheImpl
2012-03-20 14:04:24,817 - ResourceManager : found om/Peer.vm with loader org.apache.velocity.runtime.resource.ResourceCacheImpl
2012-03-20 14:04:24,817 - ResourceManager : found om/Peer.vm with loader org.apache.velocity.runtime.resource.ResourceCacheImpl
2012-03-20 14:04:24,826 - ResourceManager : found om/MapBuilder.vm with loader org.apache.velocity.runtime.resource.ResourceCacheImpl
2012-03-20 14:04:24,826 - ResourceManager : found om/MapBuilder.vm with loader org.apache.velocity.runtime.resource.ResourceCacheImpl
2012-03-20 14:04:24,895 - ResourceManager : found om/Object.vm with loader org.apache.velocity.runtime.resource.ResourceCacheImpl
2012-03-20 14:04:24,895 - ResourceManager : found om/Object.vm with loader org.apache.velocity.runtime.resource.ResourceCacheImpl
2012-03-20 14:04:24,955 - ResourceManager : found om/Peer.vm with loader org.apache.velocity.runtime.resource.ResourceCacheImpl
2012-03-20 14:04:24,955 - ResourceManager : found om/Peer.vm with loader org.apache.velocity.runtime.resource.ResourceCacheImpl
2012-03-20 14:04:24,970 - ResourceManager : found om/MapBuilder.vm with loader org.apache.velocity.runtime.resource.ResourceCacheImpl
2012-03-20 14:04:24,970 - ResourceManager : found om/MapBuilder.vm with loader org.apache.velocity.runtime.resource.ResourceCacheImpl
2012-03-20 14:04:25,043 - ResourceManager : found om/Object.vm with loader org.apache.velocity.runtime.resource.ResourceCacheImpl
2012-03-20 14:04:25,043 - ResourceManager : found om/Object.vm with loader org.apache.velocity.runtime.resource.ResourceCacheImpl
2012-03-20 14:04:25,090 - ResourceManager : found om/Peer.vm with loader org.apache.velocity.runtime.resource.ResourceCacheImpl
2012-03-20 14:04:25,090 - ResourceManager : found om/Peer.vm with loader org.apache.velocity.runtime.resource.ResourceCacheImpl
2012-03-20 14:04:25,114 - ResourceManager : found om/MapBuilder.vm with loader org.apache.velocity.runtime.resource.ResourceCacheImpl
2012-03-20 14:04:25,114 - ResourceManager : found om/MapBuilder.vm with loader org.apache.velocity.runtime.resource.ResourceCacheImpl
2012-03-20 14:04:25,203 - ResourceManager : found om/Object.vm with loader org.apache.velocity.runtime.resource.ResourceCacheImpl
2012-03-20 14:04:25,203 - ResourceManager : found om/Object.vm with loader org.apache.velocity.runtime.resource.ResourceCacheImpl
2012-03-20 14:04:25,269 - ResourceManager : found om/Peer.vm with loader org.apache.velocity.runtime.resource.ResourceCacheImpl
2012-03-20 14:04:25,269 - ResourceManager : found om/Peer.vm with loader org.apache.velocity.runtime.resource.ResourceCacheImpl
2012-03-20 14:04:25,291 - ResourceManager : found om/MapBuilder.vm with loader org.apache.velocity.runtime.resource.ResourceCacheImpl
2012-03-20 14:04:25,291 - ResourceManager : found om/MapBuilder.vm with loader org.apache.velocity.runtime.resource.ResourceCacheImpl
2012-03-20 14:04:25,371 - ResourceManager : found om/Object.vm with loader org.apache.velocity.runtime.resource.ResourceCacheImpl
2012-03-20 14:04:25,371 - ResourceManager : found om/Object.vm with loader org.apache.velocity.runtime.resource.ResourceCacheImpl
2012-03-20 14:04:25,431 - ResourceManager : found om/Peer.vm with loader org.apache.velocity.runtime.resource.ResourceCacheImpl
2012-03-20 14:04:25,431 - ResourceManager : found om/Peer.vm with loader org.apache.velocity.runtime.resource.ResourceCacheImpl
2012-03-20 14:04:25,452 - ResourceManager : found om/MapBuilder.vm with loader org.apache.velocity.runtime.resource.ResourceCacheImpl
2012-03-20 14:04:25,452 - ResourceManager : found om/MapBuilder.vm with loader org.apache.velocity.runtime.resource.ResourceCacheImpl
2012-03-20 14:04:25,499 - ResourceManager : found om/Object.vm with loader org.apache.velocity.runtime.resource.ResourceCacheImpl
2012-03-20 14:04:25,499 - ResourceManager : found om/Object.vm with loader org.apache.velocity.runtime.resource.ResourceCacheImpl
2012-03-20 14:04:25,530 - ResourceManager : found om/DatabaseMapInit.vm with loader org.apache.velocity.runtime.resource.ResourceCacheImpl
2012-03-20 14:04:25,530 - ResourceManager : found om/DatabaseMapInit.vm with loader org.apache.velocity.runtime.resource.ResourceCacheImpl
