Similarity Analyser 1.9.1 - http://www.redhillconsulting.com.au/products/simian/index.html
Copyright (c) 2003 RedHill Consulting, Pty. Ltd.  All rights reserved.
Found 48 duplicate lines in the following files:
 Between lines 47 and 118 in /Users/thomas/Documents/workspace/DB-Torque/generator/src/test/org/apache/torque/engine/database/model/HypersonicDomainTest.java
 Between lines 46 and 117 in /Users/thomas/Documents/workspace/DB-Torque/generator/src/test/org/apache/torque/engine/database/model/PostgresqlDomainTest.java
Found 21 duplicate lines in the following files:
 Between lines 133 and 162 in /Users/thomas/Documents/workspace/DB-Torque/generator/src/test/org/apache/torque/engine/database/model/DomainTest.java
 Between lines 124 and 153 in /Users/thomas/Documents/workspace/DB-Torque/generator/src/test/org/apache/torque/engine/database/model/HypersonicDomainTest.java
Found 18 duplicate lines in the following files:
 Between lines 221 and 271 in /Users/thomas/Documents/workspace/DB-Torque/generator/src/java/org/apache/torque/engine/database/model/Column.java
 Between lines 586 and 634 in /Users/thomas/Documents/workspace/DB-Torque/generator/src/java/org/apache/torque/engine/database/model/Table.java
Found 14 duplicate lines in the following files:
 Between lines 690 and 713 in /Users/thomas/Documents/workspace/DB-Torque/generator/src/java/org/apache/torque/task/TorqueDataModelTask.java
 Between lines 747 and 770 in /Users/thomas/Documents/workspace/DB-Torque/generator/src/java/org/apache/torque/task/TorqueDataModelTask.java
Found 14 duplicate lines in the following files:
 Between lines 133 and 152 in /Users/thomas/Documents/workspace/DB-Torque/generator/src/test/org/apache/torque/engine/database/model/DomainTest.java
 Between lines 124 and 143 in /Users/thomas/Documents/workspace/DB-Torque/generator/src/test/org/apache/torque/engine/database/model/HypersonicDomainTest.java
 Between lines 120 and 139 in /Users/thomas/Documents/workspace/DB-Torque/generator/src/test/org/apache/torque/engine/database/model/PostgresqlDomainTest.java
Found 13 duplicate lines in the following files:
 Between lines 93 and 109 in /Users/thomas/Documents/workspace/DB-Torque/generator/src/test/org/apache/torque/engine/database/model/HypersonicDomainTest.java
 Between lines 92 and 108 in /Users/thomas/Documents/workspace/DB-Torque/generator/src/test/org/apache/torque/engine/database/model/PostgresqlDomainTest.java
 Between lines 105 and 121 in /Users/thomas/Documents/workspace/DB-Torque/generator/src/test/org/apache/torque/engine/database/model/DomainTest.java
Found 11 duplicate lines in the following files:
 Between lines 104 and 118 in /Users/thomas/Documents/workspace/DB-Torque/generator/src/test/org/apache/torque/engine/database/model/OracleDomainTest.java
 Between lines 104 and 118 in /Users/thomas/Documents/workspace/DB-Torque/generator/src/test/org/apache/torque/engine/database/model/PostgresqlDomainTest.java
Found 10 duplicate lines in the following files:
 Between lines 47 and 65 in /Users/thomas/Documents/workspace/DB-Torque/generator/src/test/org/apache/torque/engine/database/model/HypersonicDomainTest.java
 Between lines 46 and 64 in /Users/thomas/Documents/workspace/DB-Torque/generator/src/test/org/apache/torque/engine/database/model/MssqlDomainTest.java
 Between lines 46 and 64 in /Users/thomas/Documents/workspace/DB-Torque/generator/src/test/org/apache/torque/engine/database/model/PostgresqlDomainTest.java
Found 261 duplicate lines of code in 13 blocks in 8 files
Processed a total of 4608 lines of code in 64 files
Processing time: 306ms
